<?xml version="1.0" encoding="UTF-8"?>
<testsuite xmlns:xsi="http://www.w3.org/2001/XMLSchema-instance" xsi:noNamespaceSchemaLocation="https://maven.apache.org/surefire/maven-surefire-plugin/xsd/surefire-test-report-3.0.xsd" version="3.0" name="com.modoensayo.reschedules.service.RescheduleServiceDemoTest" time="0.391" tests="2" errors="0" skipped="0" failures="0">
  <properties>
[...]
</properties>
  <testcase name="demo_saturdayScenario_fullFlow" classname="com.modoensayo.reschedules.service.RescheduleServiceDemoTest" time="0.374">
    <system-out><![CDATA[17:50:15.273 [main] INFO com.modoensayo.reschedules.service.RescheduleService -- Reschedule PROPOSED: class=9177cbd4-92fd-4e4e-8a2c-3787c3743d64, newTime=2026-05-03T22:50:15.270989200Z, teacher=9bc56dae-2414-4a0f-b671-5419fae15813
17:50:15.293 [main] INFO com.modoensayo.reschedules.service.RescheduleService -- Teacher ACCEPTED reschedule: class=9177cbd4-92fd-4e4e-8a2c-3787c3743d64, newClass=null, deadline=2026-05-04T21:50:15.286981500Z, students notified
17:50:15.307 [main] INFO com.modoensayo.reschedules.service.RescheduleService -- Student '10e46df8-9fe0-4ec6-88b5-ab7ea68aa198' REJECTED reschedule: class=9177cbd4-92fd-4e4e-8a2c-3787c3743d64, payment->REFUND_PENDING
17:50:15.307 [main] INFO com.modoensayo.reschedules.service.RescheduleService -- TIMEOUT: student '678e86fe-2829-4a3e-aefd-6b5c6bf458e2' did not respond within 48h for class=9177cbd4-92fd-4e4e-8a2c-3787c3743d64
17:50:15.307 [main] INFO com.modoensayo.reschedules.service.RescheduleService -- Processed 1 reschedule timeouts
]]></system-out>
  </testcase>
  <testcase name="demo_teacherRejects_allPaymentsToRefund" classname="com.modoensayo.reschedules.service.RescheduleServiceDemoTest" time="0.01">
    <system-out><![CDATA[17:50:15.317 [main] INFO com.modoensayo.reschedules.service.RescheduleService -- Teacher REJECTED reschedule: class=b9a510b0-13a6-4114-a975-db85c78467b1, all payments->REFUND_PENDING
]]></system-out>
  </testcase>
</testsuite>